<?xml version="1.0" encoding="UTF-8"?>
<robot generator="Robot 6.1.1 (Python 3.12.0 on darwin)" generated="20231118 18:58:45.130" rpa="false" schemaversion="4">
<suite id="s1" name="Tests" source="/Users/iris2/jokudir/palautusrepositorio/viikko3/web-login/src/tests">
<suite id="s1-s1" name="Home" source="/Users/iris2/jokudir/palautusrepositorio/viikko3/web-login/src/tests/home.robot">
<kw name="Open And Configure Browser" library="resource" type="SETUP">
<kw name="Evaluate" library="BuiltIn">
<var>${options}</var>
<arg>sys.modules['selenium.webdriver'].ChromeOptions()</arg>
<arg>sys</arg>
<doc>Evaluates the given expression in Python and returns the result.</doc>
<msg timestamp="20231118 18:58:45.537" level="INFO">${options} = &lt;selenium.webdriver.chrome.options.Options object at 0x10ba39280&gt;</msg>
<status status="PASS" starttime="20231118 18:58:45.536" endtime="20231118 18:58:45.537"/>
</kw>
<kw name="Call Method" library="BuiltIn">
<arg>${options}</arg>
<arg>add_argument</arg>
<arg>--no-sandbox</arg>
<doc>Calls the named method of the given object with the provided arguments.</doc>
<status status="PASS" starttime="20231118 18:58:45.537" endtime="20231118 18:58:45.537"/>
</kw>
<kw name="Call Method" library="BuiltIn">
<arg>${options}</arg>
<arg>add_argument</arg>
<arg>--headless</arg>
<doc>Calls the named method of the given object with the provided arguments.</doc>
<status status="PASS" starttime="20231118 18:58:45.537" endtime="20231118 18:58:45.538"/>
</kw>
<kw name="Open Browser" library="SeleniumLibrary">
<arg>browser=chrome</arg>
<arg>options=${options}</arg>
<doc>Opens a new browser instance to the optional ``url``.</doc>
<msg timestamp="20231118 18:58:45.538" level="INFO">Opening browser 'chrome' to base url 'None'.</msg>
<status status="PASS" starttime="20231118 18:58:45.538" endtime="20231118 18:58:47.724"/>
</kw>
<kw name="Set Selenium Speed" library="SeleniumLibrary">
<arg>${DELAY}</arg>
<doc>Sets the delay that is waited after each Selenium command.</doc>
<status status="PASS" starttime="20231118 18:58:47.725" endtime="20231118 18:58:47.726"/>
</kw>
<status status="PASS" starttime="20231118 18:58:45.536" endtime="20231118 18:58:47.726"/>
</kw>
<test id="s1-s1-t1" name="Click Login Link" line="9">
<kw name="Go To Starting Page" library="resource" type="SETUP">
<kw name="Go To" library="SeleniumLibrary">
<arg>${HOME_URL}</arg>
<doc>Navigates the current browser window to the provided ``url``.</doc>
<msg timestamp="20231118 18:58:47.728" level="INFO">Opening url 'http://localhost:5001'</msg>
<status status="PASS" starttime="20231118 18:58:47.728" endtime="20231118 18:58:47.980"/>
</kw>
<status status="PASS" starttime="20231118 18:58:47.727" endtime="20231118 18:58:47.981"/>
</kw>
<kw name="Click Link" library="SeleniumLibrary">
<arg>Login</arg>
<doc>Clicks a link identified by ``locator``.</doc>
<msg timestamp="20231118 18:58:47.982" level="INFO">Clicking link 'Login'.</msg>
<status status="PASS" starttime="20231118 18:58:47.981" endtime="20231118 18:58:48.189"/>
</kw>
<kw name="Login Page Should Be Open" library="resource">
<kw name="Title Should Be" library="SeleniumLibrary">
<arg>Login</arg>
<doc>Verifies that the current page title equals ``title``.</doc>
<msg timestamp="20231118 18:58:48.197" level="INFO">Page title is 'Login'.</msg>
<status status="PASS" starttime="20231118 18:58:48.190" endtime="20231118 18:58:48.197"/>
</kw>
<status status="PASS" starttime="20231118 18:58:48.190" endtime="20231118 18:58:48.197"/>
</kw>
<status status="PASS" starttime="20231118 18:58:47.726" endtime="20231118 18:58:48.197"/>
</test>
<test id="s1-s1-t2" name="Click Register Link" line="13">
<kw name="Go To Starting Page" library="resource" type="SETUP">
<kw name="Go To" library="SeleniumLibrary">
<arg>${HOME_URL}</arg>
<doc>Navigates the current browser window to the provided ``url``.</doc>
<msg timestamp="20231118 18:58:48.199" level="INFO">Opening url 'http://localhost:5001'</msg>
<status status="PASS" starttime="20231118 18:58:48.199" endtime="20231118 18:58:48.225"/>
</kw>
<status status="PASS" starttime="20231118 18:58:48.198" endtime="20231118 18:58:48.226"/>
</kw>
<kw name="Click Link" library="SeleniumLibrary">
<arg>Register new user</arg>
<doc>Clicks a link identified by ``locator``.</doc>
<msg timestamp="20231118 18:58:48.226" level="INFO">Clicking link 'Register new user'.</msg>
<status status="PASS" starttime="20231118 18:58:48.226" endtime="20231118 18:58:48.330"/>
</kw>
<kw name="Register Page Should Be Open" library="resource">
<kw name="Title Should Be" library="SeleniumLibrary">
<arg>Register</arg>
<doc>Verifies that the current page title equals ``title``.</doc>
<msg timestamp="20231118 18:58:48.343" level="INFO">Page title is 'Register'.</msg>
<status status="PASS" starttime="20231118 18:58:48.331" endtime="20231118 18:58:48.343"/>
</kw>
<status status="PASS" starttime="20231118 18:58:48.331" endtime="20231118 18:58:48.343"/>
</kw>
<status status="PASS" starttime="20231118 18:58:48.198" endtime="20231118 18:58:48.343"/>
</test>
<kw name="Close Browser" library="SeleniumLibrary" type="TEARDOWN">
<doc>Closes the current browser.</doc>
<status status="PASS" starttime="20231118 18:58:48.344" endtime="20231118 18:58:48.426"/>
</kw>
<status status="PASS" starttime="20231118 18:58:45.162" endtime="20231118 18:58:48.427"/>
</suite>
<suite id="s1-s2" name="Login" source="/Users/iris2/jokudir/palautusrepositorio/viikko3/web-login/src/tests/login.robot">
<kw name="Open And Configure Browser" library="resource" type="SETUP">
<kw name="Evaluate" library="BuiltIn">
<var>${options}</var>
<arg>sys.modules['selenium.webdriver'].ChromeOptions()</arg>
<arg>sys</arg>
<doc>Evaluates the given expression in Python and returns the result.</doc>
<msg timestamp="20231118 18:58:48.434" level="INFO">${options} = &lt;selenium.webdriver.chrome.options.Options object at 0x10bb1d460&gt;</msg>
<status status="PASS" starttime="20231118 18:58:48.433" endtime="20231118 18:58:48.434"/>
</kw>
<kw name="Call Method" library="BuiltIn">
<arg>${options}</arg>
<arg>add_argument</arg>
<arg>--no-sandbox</arg>
<doc>Calls the named method of the given object with the provided arguments.</doc>
<status status="PASS" starttime="20231118 18:58:48.434" endtime="20231118 18:58:48.434"/>
</kw>
<kw name="Call Method" library="BuiltIn">
<arg>${options}</arg>
<arg>add_argument</arg>
<arg>--headless</arg>
<doc>Calls the named method of the given object with the provided arguments.</doc>
<status status="PASS" starttime="20231118 18:58:48.434" endtime="20231118 18:58:48.434"/>
</kw>
<kw name="Open Browser" library="SeleniumLibrary">
<arg>browser=chrome</arg>
<arg>options=${options}</arg>
<doc>Opens a new browser instance to the optional ``url``.</doc>
<msg timestamp="20231118 18:58:48.435" level="INFO">Opening browser 'chrome' to base url 'None'.</msg>
<status status="PASS" starttime="20231118 18:58:48.434" endtime="20231118 18:58:49.761"/>
</kw>
<kw name="Set Selenium Speed" library="SeleniumLibrary">
<arg>${DELAY}</arg>
<doc>Sets the delay that is waited after each Selenium command.</doc>
<status status="PASS" starttime="20231118 18:58:49.762" endtime="20231118 18:58:49.762"/>
</kw>
<status status="PASS" starttime="20231118 18:58:48.433" endtime="20231118 18:58:49.762"/>
</kw>
<test id="s1-s2-t1" name="Login With Correct Credentials" line="8">
<kw name="Create User And Go To Login Page" library="resource" type="SETUP">
<kw name="Create User" library="AppLibrary">
<arg>kalle</arg>
<arg>kalle123</arg>
<status status="PASS" starttime="20231118 18:58:49.764" endtime="20231118 18:58:49.790"/>
</kw>
<kw name="Go To Login Page" library="resource">
<kw name="Go To" library="SeleniumLibrary">
<arg>${LOGIN_URL}</arg>
<doc>Navigates the current browser window to the provided ``url``.</doc>
<msg timestamp="20231118 18:58:49.791" level="INFO">Opening url 'http://localhost:5001/login'</msg>
<status status="PASS" starttime="20231118 18:58:49.791" endtime="20231118 18:58:49.997"/>
</kw>
<status status="PASS" starttime="20231118 18:58:49.791" endtime="20231118 18:58:49.997"/>
</kw>
<kw name="Login Page Should Be Open" library="resource">
<kw name="Title Should Be" library="SeleniumLibrary">
<arg>Login</arg>
<doc>Verifies that the current page title equals ``title``.</doc>
<msg timestamp="20231118 18:58:50.006" level="INFO">Page title is 'Login'.</msg>
<status status="PASS" starttime="20231118 18:58:49.997" endtime="20231118 18:58:50.006"/>
</kw>
<status status="PASS" starttime="20231118 18:58:49.997" endtime="20231118 18:58:50.006"/>
</kw>
<status status="PASS" starttime="20231118 18:58:49.763" endtime="20231118 18:58:50.006"/>
</kw>
<kw name="Set Username">
<arg>kalle</arg>
<kw name="Input Text" library="SeleniumLibrary">
<arg>username</arg>
<arg>${username}</arg>
<doc>Types the given ``text`` into the text field identified by ``locator``.</doc>
<msg timestamp="20231118 18:58:50.007" level="INFO">Typing text 'kalle' into text field 'username'.</msg>
<status status="PASS" starttime="20231118 18:58:50.007" endtime="20231118 18:58:50.261"/>
</kw>
<status status="PASS" starttime="20231118 18:58:50.006" endtime="20231118 18:58:50.261"/>
</kw>
<kw name="Set Password">
<arg>kalle123</arg>
<kw name="Input Password" library="SeleniumLibrary">
<arg>password</arg>
<arg>${password}</arg>
<doc>Types the given password into the text field identified by ``locator``.</doc>
<msg timestamp="20231118 18:58:50.262" level="INFO">Typing password into text field 'password'.</msg>
<msg timestamp="20231118 18:58:50.307" level="INFO">Temporally setting log level to: NONE</msg>
<msg timestamp="20231118 18:58:50.386" level="INFO">Log level changed from NONE to INFO.</msg>
<status status="PASS" starttime="20231118 18:58:50.262" endtime="20231118 18:58:50.386"/>
</kw>
<status status="PASS" starttime="20231118 18:58:50.261" endtime="20231118 18:58:50.386"/>
</kw>
<kw name="Submit Credentials">
<kw name="Click Button" library="SeleniumLibrary">
<arg>Login</arg>
<doc>Clicks the button identified by ``locator``.</doc>
<msg timestamp="20231118 18:58:50.387" level="INFO">Clicking button 'Login'.</msg>
<status status="PASS" starttime="20231118 18:58:50.386" endtime="20231118 18:58:50.498"/>
</kw>
<status status="PASS" starttime="20231118 18:58:50.386" endtime="20231118 18:58:50.499"/>
</kw>
<kw name="Login Should Succeed">
<kw name="Main Page Should Be Open" library="resource">
<kw name="Title Should Be" library="SeleniumLibrary">
<arg>Ohtu Application main page</arg>
<doc>Verifies that the current page title equals ``title``.</doc>
<msg timestamp="20231118 18:58:50.515" level="INFO">Page title is 'Ohtu Application main page'.</msg>
<status status="PASS" starttime="20231118 18:58:50.500" endtime="20231118 18:58:50.515"/>
</kw>
<status status="PASS" starttime="20231118 18:58:50.499" endtime="20231118 18:58:50.515"/>
</kw>
<status status="PASS" starttime="20231118 18:58:50.499" endtime="20231118 18:58:50.515"/>
</kw>
<status status="PASS" starttime="20231118 18:58:49.762" endtime="20231118 18:58:50.515"/>
</test>
<test id="s1-s2-t2" name="Login With Incorrect Password" line="14">
<kw name="Create User And Go To Login Page" library="resource" type="SETUP">
<kw name="Create User" library="AppLibrary">
<arg>kalle</arg>
<arg>kalle123</arg>
<status status="PASS" starttime="20231118 18:58:50.517" endtime="20231118 18:58:50.547"/>
</kw>
<kw name="Go To Login Page" library="resource">
<kw name="Go To" library="SeleniumLibrary">
<arg>${LOGIN_URL}</arg>
<doc>Navigates the current browser window to the provided ``url``.</doc>
<msg timestamp="20231118 18:58:50.547" level="INFO">Opening url 'http://localhost:5001/login'</msg>
<status status="PASS" starttime="20231118 18:58:50.547" endtime="20231118 18:58:50.572"/>
</kw>
<status status="PASS" starttime="20231118 18:58:50.547" endtime="20231118 18:58:50.572"/>
</kw>
<kw name="Login Page Should Be Open" library="resource">
<kw name="Title Should Be" library="SeleniumLibrary">
<arg>Login</arg>
<doc>Verifies that the current page title equals ``title``.</doc>
<msg timestamp="20231118 18:58:50.585" level="INFO">Page title is 'Login'.</msg>
<status status="PASS" starttime="20231118 18:58:50.573" endtime="20231118 18:58:50.585"/>
</kw>
<status status="PASS" starttime="20231118 18:58:50.572" endtime="20231118 18:58:50.585"/>
</kw>
<status status="PASS" starttime="20231118 18:58:50.516" endtime="20231118 18:58:50.585"/>
</kw>
<kw name="Set Username">
<arg>kalle</arg>
<kw name="Input Text" library="SeleniumLibrary">
<arg>username</arg>
<arg>${username}</arg>
<doc>Types the given ``text`` into the text field identified by ``locator``.</doc>
<msg timestamp="20231118 18:58:50.587" level="INFO">Typing text 'kalle' into text field 'username'.</msg>
<status status="PASS" starttime="20231118 18:58:50.586" endtime="20231118 18:58:50.693"/>
</kw>
<status status="PASS" starttime="20231118 18:58:50.586" endtime="20231118 18:58:50.693"/>
</kw>
<kw name="Set Password">
<arg>kalle456</arg>
<kw name="Input Password" library="SeleniumLibrary">
<arg>password</arg>
<arg>${password}</arg>
<doc>Types the given password into the text field identified by ``locator``.</doc>
<msg timestamp="20231118 18:58:50.694" level="INFO">Typing password into text field 'password'.</msg>
<msg timestamp="20231118 18:58:50.730" level="INFO">Temporally setting log level to: NONE</msg>
<msg timestamp="20231118 18:58:50.792" level="INFO">Log level changed from NONE to INFO.</msg>
<status status="PASS" starttime="20231118 18:58:50.694" endtime="20231118 18:58:50.792"/>
</kw>
<status status="PASS" starttime="20231118 18:58:50.693" endtime="20231118 18:58:50.792"/>
</kw>
<kw name="Submit Credentials">
<kw name="Click Button" library="SeleniumLibrary">
<arg>Login</arg>
<doc>Clicks the button identified by ``locator``.</doc>
<msg timestamp="20231118 18:58:50.793" level="INFO">Clicking button 'Login'.</msg>
<status status="PASS" starttime="20231118 18:58:50.793" endtime="20231118 18:58:50.886"/>
</kw>
<status status="PASS" starttime="20231118 18:58:50.792" endtime="20231118 18:58:50.887"/>
</kw>
<kw name="Login Should Fail With Message">
<arg>Invalid username or password</arg>
<kw name="Login Page Should Be Open" library="resource">
<kw name="Title Should Be" library="SeleniumLibrary">
<arg>Login</arg>
<doc>Verifies that the current page title equals ``title``.</doc>
<msg timestamp="20231118 18:58:50.901" level="INFO">Page title is 'Login'.</msg>
<status status="PASS" starttime="20231118 18:58:50.888" endtime="20231118 18:58:50.901"/>
</kw>
<status status="PASS" starttime="20231118 18:58:50.888" endtime="20231118 18:58:50.902"/>
</kw>
<kw name="Page Should Contain" library="SeleniumLibrary">
<arg>${message}</arg>
<doc>Verifies that current page contains ``text``.</doc>
<msg timestamp="20231118 18:58:50.921" level="INFO">Current page contains text 'Invalid username or password'.</msg>
<status status="PASS" starttime="20231118 18:58:50.902" endtime="20231118 18:58:50.921"/>
</kw>
<status status="PASS" starttime="20231118 18:58:50.887" endtime="20231118 18:58:50.921"/>
</kw>
<status status="PASS" starttime="20231118 18:58:50.516" endtime="20231118 18:58:50.921"/>
</test>
<kw name="Close Browser" library="SeleniumLibrary" type="TEARDOWN">
<doc>Closes the current browser.</doc>
<status status="PASS" starttime="20231118 18:58:50.922" endtime="20231118 18:58:51.003"/>
</kw>
<status status="PASS" starttime="20231118 18:58:48.428" endtime="20231118 18:58:51.004"/>
</suite>
<suite id="s1-s3" name="Register" source="/Users/iris2/jokudir/palautusrepositorio/viikko3/web-login/src/tests/register.robot">
<kw name="Open And Configure Browser" library="resource" type="SETUP">
<kw name="Evaluate" library="BuiltIn">
<var>${options}</var>
<arg>sys.modules['selenium.webdriver'].ChromeOptions()</arg>
<arg>sys</arg>
<doc>Evaluates the given expression in Python and returns the result.</doc>
<msg timestamp="20231118 18:58:51.018" level="INFO">${options} = &lt;selenium.webdriver.chrome.options.Options object at 0x10ba3aae0&gt;</msg>
<status status="PASS" starttime="20231118 18:58:51.017" endtime="20231118 18:58:51.018"/>
</kw>
<kw name="Call Method" library="BuiltIn">
<arg>${options}</arg>
<arg>add_argument</arg>
<arg>--no-sandbox</arg>
<doc>Calls the named method of the given object with the provided arguments.</doc>
<status status="PASS" starttime="20231118 18:58:51.019" endtime="20231118 18:58:51.019"/>
</kw>
<kw name="Call Method" library="BuiltIn">
<arg>${options}</arg>
<arg>add_argument</arg>
<arg>--headless</arg>
<doc>Calls the named method of the given object with the provided arguments.</doc>
<status status="PASS" starttime="20231118 18:58:51.020" endtime="20231118 18:58:51.020"/>
</kw>
<kw name="Open Browser" library="SeleniumLibrary">
<arg>browser=chrome</arg>
<arg>options=${options}</arg>
<doc>Opens a new browser instance to the optional ``url``.</doc>
<msg timestamp="20231118 18:58:51.021" level="INFO">Opening browser 'chrome' to base url 'None'.</msg>
<status status="PASS" starttime="20231118 18:58:51.020" endtime="20231118 18:58:52.283"/>
</kw>
<kw name="Set Selenium Speed" library="SeleniumLibrary">
<arg>${DELAY}</arg>
<doc>Sets the delay that is waited after each Selenium command.</doc>
<status status="PASS" starttime="20231118 18:58:52.283" endtime="20231118 18:58:52.284"/>
</kw>
<status status="PASS" starttime="20231118 18:58:51.017" endtime="20231118 18:58:52.284"/>
</kw>
<test id="s1-s3-t1" name="Register With Valid Username And Password" line="9">
<kw name="Create User And Go To Register Page" library="resource" type="SETUP">
<kw name="Create User" library="AppLibrary">
<arg>kalle</arg>
<arg>kalle123</arg>
<status status="PASS" starttime="20231118 18:58:52.286" endtime="20231118 18:58:52.314"/>
</kw>
<kw name="Go To Register Page" library="resource">
<kw name="Go To" library="SeleniumLibrary">
<arg>${REGISTER_URL}</arg>
<doc>Navigates the current browser window to the provided ``url``.</doc>
<msg timestamp="20231118 18:58:52.316" level="INFO">Opening url 'http://localhost:5001/register'</msg>
<status status="PASS" starttime="20231118 18:58:52.315" endtime="20231118 18:58:52.508"/>
</kw>
<status status="PASS" starttime="20231118 18:58:52.314" endtime="20231118 18:58:52.508"/>
</kw>
<kw name="Register Page Should Be Open" library="resource">
<kw name="Title Should Be" library="SeleniumLibrary">
<arg>Register</arg>
<doc>Verifies that the current page title equals ``title``.</doc>
<msg timestamp="20231118 18:58:52.518" level="INFO">Page title is 'Register'.</msg>
<status status="PASS" starttime="20231118 18:58:52.508" endtime="20231118 18:58:52.518"/>
</kw>
<status status="PASS" starttime="20231118 18:58:52.508" endtime="20231118 18:58:52.518"/>
</kw>
<status status="PASS" starttime="20231118 18:58:52.286" endtime="20231118 18:58:52.518"/>
</kw>
<kw name="RSet Username">
<arg>kalle</arg>
<kw name="Input Text" library="SeleniumLibrary">
<arg>username</arg>
<arg>${username}</arg>
<doc>Types the given ``text`` into the text field identified by ``locator``.</doc>
<msg timestamp="20231118 18:58:52.519" level="INFO">Typing text 'kalle' into text field 'username'.</msg>
<status status="PASS" starttime="20231118 18:58:52.519" endtime="20231118 18:58:52.741"/>
</kw>
<status status="PASS" starttime="20231118 18:58:52.518" endtime="20231118 18:58:52.741"/>
</kw>
<kw name="RSet Password">
<arg>kalle123</arg>
<kw name="Input Password" library="SeleniumLibrary">
<arg>password</arg>
<arg>${password}</arg>
<doc>Types the given password into the text field identified by ``locator``.</doc>
<msg timestamp="20231118 18:58:52.742" level="INFO">Typing password into text field 'password'.</msg>
<msg timestamp="20231118 18:58:52.806" level="INFO">Temporally setting log level to: NONE</msg>
<msg timestamp="20231118 18:58:52.897" level="INFO">Log level changed from NONE to INFO.</msg>
<status status="PASS" starttime="20231118 18:58:52.742" endtime="20231118 18:58:52.897"/>
</kw>
<status status="PASS" starttime="20231118 18:58:52.741" endtime="20231118 18:58:52.897"/>
</kw>
<kw name="RSubmit Credentials">
<kw name="Click Button" library="SeleniumLibrary">
<arg>Register</arg>
<doc>Clicks the button identified by ``locator``.</doc>
<msg timestamp="20231118 18:58:52.898" level="INFO">Clicking button 'Register'.</msg>
<status status="PASS" starttime="20231118 18:58:52.897" endtime="20231118 18:58:53.009"/>
</kw>
<status status="PASS" starttime="20231118 18:58:52.897" endtime="20231118 18:58:53.009"/>
</kw>
<kw name="Register Should Succeed">
<kw name="Register Page Should Be Open" library="resource">
<kw name="Title Should Be" library="SeleniumLibrary">
<arg>Register</arg>
<doc>Verifies that the current page title equals ``title``.</doc>
<msg timestamp="20231118 18:58:53.024" level="INFO">Page title is 'Register'.</msg>
<status status="PASS" starttime="20231118 18:58:53.010" endtime="20231118 18:58:53.024"/>
</kw>
<status status="PASS" starttime="20231118 18:58:53.010" endtime="20231118 18:58:53.025"/>
</kw>
<status status="PASS" starttime="20231118 18:58:53.010" endtime="20231118 18:58:53.025"/>
</kw>
<status status="PASS" starttime="20231118 18:58:52.284" endtime="20231118 18:58:53.025"/>
</test>
<test id="s1-s3-t2" name="Register With Too Short Username And Valid Password" line="15">
<kw name="Create User And Go To Register Page" library="resource" type="SETUP">
<kw name="Create User" library="AppLibrary">
<arg>kalle</arg>
<arg>kalle123</arg>
<status status="PASS" starttime="20231118 18:58:53.026" endtime="20231118 18:58:53.051"/>
</kw>
<kw name="Go To Register Page" library="resource">
<kw name="Go To" library="SeleniumLibrary">
<arg>${REGISTER_URL}</arg>
<doc>Navigates the current browser window to the provided ``url``.</doc>
<msg timestamp="20231118 18:58:53.052" level="INFO">Opening url 'http://localhost:5001/register'</msg>
<status status="PASS" starttime="20231118 18:58:53.052" endtime="20231118 18:58:53.091"/>
</kw>
<status status="PASS" starttime="20231118 18:58:53.051" endtime="20231118 18:58:53.091"/>
</kw>
<kw name="Register Page Should Be Open" library="resource">
<kw name="Title Should Be" library="SeleniumLibrary">
<arg>Register</arg>
<doc>Verifies that the current page title equals ``title``.</doc>
<msg timestamp="20231118 18:58:53.104" level="INFO">Page title is 'Register'.</msg>
<status status="PASS" starttime="20231118 18:58:53.092" endtime="20231118 18:58:53.105"/>
</kw>
<status status="PASS" starttime="20231118 18:58:53.091" endtime="20231118 18:58:53.105"/>
</kw>
<status status="PASS" starttime="20231118 18:58:53.026" endtime="20231118 18:58:53.105"/>
</kw>
<kw name="RSet Username">
<arg>ka</arg>
<kw name="Input Text" library="SeleniumLibrary">
<arg>username</arg>
<arg>${username}</arg>
<doc>Types the given ``text`` into the text field identified by ``locator``.</doc>
<msg timestamp="20231118 18:58:53.106" level="INFO">Typing text 'ka' into text field 'username'.</msg>
<status status="PASS" starttime="20231118 18:58:53.105" endtime="20231118 18:58:53.213"/>
</kw>
<status status="PASS" starttime="20231118 18:58:53.105" endtime="20231118 18:58:53.213"/>
</kw>
<kw name="RSet Password">
<arg>kalle123</arg>
<kw name="Input Password" library="SeleniumLibrary">
<arg>password</arg>
<arg>${password}</arg>
<doc>Types the given password into the text field identified by ``locator``.</doc>
<msg timestamp="20231118 18:58:53.214" level="INFO">Typing password into text field 'password'.</msg>
<msg timestamp="20231118 18:58:53.257" level="INFO">Temporally setting log level to: NONE</msg>
<msg timestamp="20231118 18:58:53.317" level="INFO">Log level changed from NONE to INFO.</msg>
<status status="PASS" starttime="20231118 18:58:53.214" endtime="20231118 18:58:53.317"/>
</kw>
<status status="PASS" starttime="20231118 18:58:53.213" endtime="20231118 18:58:53.317"/>
</kw>
<kw name="RSubmit Credentials">
<kw name="Click Button" library="SeleniumLibrary">
<arg>Register</arg>
<doc>Clicks the button identified by ``locator``.</doc>
<msg timestamp="20231118 18:58:53.318" level="INFO">Clicking button 'Register'.</msg>
<status status="PASS" starttime="20231118 18:58:53.317" endtime="20231118 18:58:53.411"/>
</kw>
<status status="PASS" starttime="20231118 18:58:53.317" endtime="20231118 18:58:53.411"/>
</kw>
<kw name="Register Should Fail With Message">
<arg>Invalid username or password</arg>
<kw name="Register Page Should Be Open" library="resource">
<kw name="Title Should Be" library="SeleniumLibrary">
<arg>Register</arg>
<doc>Verifies that the current page title equals ``title``.</doc>
<msg timestamp="20231118 18:58:53.425" level="INFO">Page title is 'Register'.</msg>
<status status="PASS" starttime="20231118 18:58:53.412" endtime="20231118 18:58:53.425"/>
</kw>
<status status="PASS" starttime="20231118 18:58:53.412" endtime="20231118 18:58:53.425"/>
</kw>
<kw name="Page Should Contain" library="SeleniumLibrary">
<arg>${message}</arg>
<doc>Verifies that current page contains ``text``.</doc>
<msg timestamp="20231118 18:58:53.444" level="INFO">Current page contains text 'Invalid username or password'.</msg>
<status status="PASS" starttime="20231118 18:58:53.426" endtime="20231118 18:58:53.444"/>
</kw>
<status status="PASS" starttime="20231118 18:58:53.411" endtime="20231118 18:58:53.444"/>
</kw>
<status status="PASS" starttime="20231118 18:58:53.025" endtime="20231118 18:58:53.444"/>
</test>
<test id="s1-s3-t3" name="Register With Valid Username And Invalid Password" line="21">
<kw name="Create User And Go To Register Page" library="resource" type="SETUP">
<kw name="Create User" library="AppLibrary">
<arg>kalle</arg>
<arg>kalle123</arg>
<status status="PASS" starttime="20231118 18:58:53.446" endtime="20231118 18:58:53.473"/>
</kw>
<kw name="Go To Register Page" library="resource">
<kw name="Go To" library="SeleniumLibrary">
<arg>${REGISTER_URL}</arg>
<doc>Navigates the current browser window to the provided ``url``.</doc>
<msg timestamp="20231118 18:58:53.474" level="INFO">Opening url 'http://localhost:5001/register'</msg>
<status status="PASS" starttime="20231118 18:58:53.473" endtime="20231118 18:58:53.512"/>
</kw>
<status status="PASS" starttime="20231118 18:58:53.473" endtime="20231118 18:58:53.512"/>
</kw>
<kw name="Register Page Should Be Open" library="resource">
<kw name="Title Should Be" library="SeleniumLibrary">
<arg>Register</arg>
<doc>Verifies that the current page title equals ``title``.</doc>
<msg timestamp="20231118 18:58:53.526" level="INFO">Page title is 'Register'.</msg>
<status status="PASS" starttime="20231118 18:58:53.512" endtime="20231118 18:58:53.526"/>
</kw>
<status status="PASS" starttime="20231118 18:58:53.512" endtime="20231118 18:58:53.526"/>
</kw>
<status status="PASS" starttime="20231118 18:58:53.446" endtime="20231118 18:58:53.526"/>
</kw>
<kw name="RSet Username">
<arg>kalle</arg>
<kw name="Input Text" library="SeleniumLibrary">
<arg>username</arg>
<arg>${username}</arg>
<doc>Types the given ``text`` into the text field identified by ``locator``.</doc>
<msg timestamp="20231118 18:58:53.527" level="INFO">Typing text 'kalle' into text field 'username'.</msg>
<status status="PASS" starttime="20231118 18:58:53.527" endtime="20231118 18:58:53.629"/>
</kw>
<status status="PASS" starttime="20231118 18:58:53.526" endtime="20231118 18:58:53.629"/>
</kw>
<kw name="RSet Password">
<arg>kalle</arg>
<kw name="Input Password" library="SeleniumLibrary">
<arg>password</arg>
<arg>${password}</arg>
<doc>Types the given password into the text field identified by ``locator``.</doc>
<msg timestamp="20231118 18:58:53.630" level="INFO">Typing password into text field 'password'.</msg>
<msg timestamp="20231118 18:58:53.671" level="INFO">Temporally setting log level to: NONE</msg>
<msg timestamp="20231118 18:58:53.726" level="INFO">Log level changed from NONE to INFO.</msg>
<status status="PASS" starttime="20231118 18:58:53.630" endtime="20231118 18:58:53.726"/>
</kw>
<status status="PASS" starttime="20231118 18:58:53.629" endtime="20231118 18:58:53.727"/>
</kw>
<kw name="RSubmit Credentials">
<kw name="Click Button" library="SeleniumLibrary">
<arg>Register</arg>
<doc>Clicks the button identified by ``locator``.</doc>
<msg timestamp="20231118 18:58:53.728" level="INFO">Clicking button 'Register'.</msg>
<status status="PASS" starttime="20231118 18:58:53.727" endtime="20231118 18:58:53.826"/>
</kw>
<status status="PASS" starttime="20231118 18:58:53.727" endtime="20231118 18:58:53.826"/>
</kw>
<kw name="Register Should Fail With Message">
<arg>Invalid username or password</arg>
<kw name="Register Page Should Be Open" library="resource">
<kw name="Title Should Be" library="SeleniumLibrary">
<arg>Register</arg>
<doc>Verifies that the current page title equals ``title``.</doc>
<msg timestamp="20231118 18:58:53.838" level="INFO">Page title is 'Register'.</msg>
<status status="PASS" starttime="20231118 18:58:53.828" endtime="20231118 18:58:53.838"/>
</kw>
<status status="PASS" starttime="20231118 18:58:53.827" endtime="20231118 18:58:53.839"/>
</kw>
<kw name="Page Should Contain" library="SeleniumLibrary">
<arg>${message}</arg>
<doc>Verifies that current page contains ``text``.</doc>
<msg timestamp="20231118 18:58:53.854" level="INFO">Current page contains text 'Invalid username or password'.</msg>
<status status="PASS" starttime="20231118 18:58:53.839" endtime="20231118 18:58:53.854"/>
</kw>
<status status="PASS" starttime="20231118 18:58:53.827" endtime="20231118 18:58:53.854"/>
</kw>
<status status="PASS" starttime="20231118 18:58:53.445" endtime="20231118 18:58:53.854"/>
</test>
<test id="s1-s3-t4" name="Register With Nonmatching Password And Password Confirmation" line="28">
<kw name="Create User And Go To Register Page" library="resource" type="SETUP">
<kw name="Create User" library="AppLibrary">
<arg>kalle</arg>
<arg>kalle123</arg>
<status status="PASS" starttime="20231118 18:58:53.856" endtime="20231118 18:58:53.880"/>
</kw>
<kw name="Go To Register Page" library="resource">
<kw name="Go To" library="SeleniumLibrary">
<arg>${REGISTER_URL}</arg>
<doc>Navigates the current browser window to the provided ``url``.</doc>
<msg timestamp="20231118 18:58:53.881" level="INFO">Opening url 'http://localhost:5001/register'</msg>
<status status="PASS" starttime="20231118 18:58:53.881" endtime="20231118 18:58:53.911"/>
</kw>
<status status="PASS" starttime="20231118 18:58:53.881" endtime="20231118 18:58:53.912"/>
</kw>
<kw name="Register Page Should Be Open" library="resource">
<kw name="Title Should Be" library="SeleniumLibrary">
<arg>Register</arg>
<doc>Verifies that the current page title equals ``title``.</doc>
<msg timestamp="20231118 18:58:53.924" level="INFO">Page title is 'Register'.</msg>
<status status="PASS" starttime="20231118 18:58:53.913" endtime="20231118 18:58:53.924"/>
</kw>
<status status="PASS" starttime="20231118 18:58:53.912" endtime="20231118 18:58:53.924"/>
</kw>
<status status="PASS" starttime="20231118 18:58:53.856" endtime="20231118 18:58:53.924"/>
</kw>
<kw name="RSet Username">
<arg>kalle</arg>
<kw name="Input Text" library="SeleniumLibrary">
<arg>username</arg>
<arg>${username}</arg>
<doc>Types the given ``text`` into the text field identified by ``locator``.</doc>
<msg timestamp="20231118 18:58:53.925" level="INFO">Typing text 'kalle' into text field 'username'.</msg>
<status status="PASS" starttime="20231118 18:58:53.925" endtime="20231118 18:58:54.031"/>
</kw>
<status status="PASS" starttime="20231118 18:58:53.924" endtime="20231118 18:58:54.031"/>
</kw>
<kw name="RSet Password">
<arg>kalle456</arg>
<kw name="Input Password" library="SeleniumLibrary">
<arg>password</arg>
<arg>${password}</arg>
<doc>Types the given password into the text field identified by ``locator``.</doc>
<msg timestamp="20231118 18:58:54.032" level="INFO">Typing password into text field 'password'.</msg>
<msg timestamp="20231118 18:58:54.073" level="INFO">Temporally setting log level to: NONE</msg>
<msg timestamp="20231118 18:58:54.140" level="INFO">Log level changed from NONE to INFO.</msg>
<status status="PASS" starttime="20231118 18:58:54.032" endtime="20231118 18:58:54.140"/>
</kw>
<status status="PASS" starttime="20231118 18:58:54.031" endtime="20231118 18:58:54.140"/>
</kw>
<kw name="RSubmit Credentials">
<kw name="Click Button" library="SeleniumLibrary">
<arg>Register</arg>
<doc>Clicks the button identified by ``locator``.</doc>
<msg timestamp="20231118 18:58:54.142" level="INFO">Clicking button 'Register'.</msg>
<status status="PASS" starttime="20231118 18:58:54.141" endtime="20231118 18:58:54.232"/>
</kw>
<status status="PASS" starttime="20231118 18:58:54.141" endtime="20231118 18:58:54.232"/>
</kw>
<kw name="Register Should Fail With Message">
<arg>Password does not match</arg>
<kw name="Register Page Should Be Open" library="resource">
<kw name="Title Should Be" library="SeleniumLibrary">
<arg>Register</arg>
<doc>Verifies that the current page title equals ``title``.</doc>
<msg timestamp="20231118 18:58:54.245" level="INFO">Page title is 'Register'.</msg>
<status status="PASS" starttime="20231118 18:58:54.234" endtime="20231118 18:58:54.245"/>
</kw>
<status status="PASS" starttime="20231118 18:58:54.233" endtime="20231118 18:58:54.245"/>
</kw>
<kw name="Page Should Contain" library="SeleniumLibrary">
<arg>${message}</arg>
<doc>Verifies that current page contains ``text``.</doc>
<msg timestamp="20231118 18:58:54.275" level="INFO">Current page contains text 'Password does not match'.</msg>
<status status="PASS" starttime="20231118 18:58:54.245" endtime="20231118 18:58:54.275"/>
</kw>
<status status="PASS" starttime="20231118 18:58:54.232" endtime="20231118 18:58:54.275"/>
</kw>
<status status="PASS" starttime="20231118 18:58:53.855" endtime="20231118 18:58:54.275"/>
</test>
<test id="s1-s3-t5" name="Login With Nonexistent Username" line="36">
<kw name="Create User And Go To Register Page" library="resource" type="SETUP">
<kw name="Create User" library="AppLibrary">
<arg>kalle</arg>
<arg>kalle123</arg>
<status status="PASS" starttime="20231118 18:58:54.277" endtime="20231118 18:58:54.298"/>
</kw>
<kw name="Go To Register Page" library="resource">
<kw name="Go To" library="SeleniumLibrary">
<arg>${REGISTER_URL}</arg>
<doc>Navigates the current browser window to the provided ``url``.</doc>
<msg timestamp="20231118 18:58:54.298" level="INFO">Opening url 'http://localhost:5001/register'</msg>
<status status="PASS" starttime="20231118 18:58:54.298" endtime="20231118 18:58:54.332"/>
</kw>
<status status="PASS" starttime="20231118 18:58:54.298" endtime="20231118 18:58:54.333"/>
</kw>
<kw name="Register Page Should Be Open" library="resource">
<kw name="Title Should Be" library="SeleniumLibrary">
<arg>Register</arg>
<doc>Verifies that the current page title equals ``title``.</doc>
<msg timestamp="20231118 18:58:54.345" level="INFO">Page title is 'Register'.</msg>
<status status="PASS" starttime="20231118 18:58:54.333" endtime="20231118 18:58:54.345"/>
</kw>
<status status="PASS" starttime="20231118 18:58:54.333" endtime="20231118 18:58:54.345"/>
</kw>
<status status="PASS" starttime="20231118 18:58:54.276" endtime="20231118 18:58:54.345"/>
</kw>
<kw name="Create User" library="AppLibrary">
<arg>Nonexistent</arg>
<arg>kalle123</arg>
<status status="PASS" starttime="20231118 18:58:54.345" endtime="20231118 18:58:54.363"/>
</kw>
<kw name="Go To Register Page" library="resource">
<kw name="Go To" library="SeleniumLibrary">
<arg>${REGISTER_URL}</arg>
<doc>Navigates the current browser window to the provided ``url``.</doc>
<msg timestamp="20231118 18:58:54.363" level="INFO">Opening url 'http://localhost:5001/register'</msg>
<status status="PASS" starttime="20231118 18:58:54.363" endtime="20231118 18:58:54.408"/>
</kw>
<status status="PASS" starttime="20231118 18:58:54.363" endtime="20231118 18:58:54.408"/>
</kw>
<kw name="Register Page Should Be Open" library="resource">
<kw name="Title Should Be" library="SeleniumLibrary">
<arg>Register</arg>
<doc>Verifies that the current page title equals ``title``.</doc>
<msg timestamp="20231118 18:58:54.415" level="INFO">Page title is 'Register'.</msg>
<status status="PASS" starttime="20231118 18:58:54.409" endtime="20231118 18:58:54.415"/>
</kw>
<status status="PASS" starttime="20231118 18:58:54.409" endtime="20231118 18:58:54.416"/>
</kw>
<status status="PASS" starttime="20231118 18:58:54.276" endtime="20231118 18:58:54.416"/>
</test>
<test id="s1-s3-t6" name="Create User And Go To Register Page" line="41">
<kw name="Create User And Go To Register Page" library="resource" type="SETUP">
<kw name="Create User" library="AppLibrary">
<arg>kalle</arg>
<arg>kalle123</arg>
<status status="PASS" starttime="20231118 18:58:54.419" endtime="20231118 18:58:54.443"/>
</kw>
<kw name="Go To Register Page" library="resource">
<kw name="Go To" library="SeleniumLibrary">
<arg>${REGISTER_URL}</arg>
<doc>Navigates the current browser window to the provided ``url``.</doc>
<msg timestamp="20231118 18:58:54.443" level="INFO">Opening url 'http://localhost:5001/register'</msg>
<status status="PASS" starttime="20231118 18:58:54.443" endtime="20231118 18:58:54.575"/>
</kw>
<status status="PASS" starttime="20231118 18:58:54.443" endtime="20231118 18:58:54.575"/>
</kw>
<kw name="Register Page Should Be Open" library="resource">
<kw name="Title Should Be" library="SeleniumLibrary">
<arg>Register</arg>
<doc>Verifies that the current page title equals ``title``.</doc>
<msg timestamp="20231118 18:58:54.583" level="INFO">Page title is 'Register'.</msg>
<status status="PASS" starttime="20231118 18:58:54.576" endtime="20231118 18:58:54.584"/>
</kw>
<status status="PASS" starttime="20231118 18:58:54.576" endtime="20231118 18:58:54.584"/>
</kw>
<status status="PASS" starttime="20231118 18:58:54.418" endtime="20231118 18:58:54.584"/>
</kw>
<kw name="Create User" library="AppLibrary">
<arg>kalle</arg>
<arg>kalle123</arg>
<status status="PASS" starttime="20231118 18:58:54.584" endtime="20231118 18:58:54.602"/>
</kw>
<kw name="Go To Register Page" library="resource">
<kw name="Go To" library="SeleniumLibrary">
<arg>${REGISTER_URL}</arg>
<doc>Navigates the current browser window to the provided ``url``.</doc>
<msg timestamp="20231118 18:58:54.604" level="INFO">Opening url 'http://localhost:5001/register'</msg>
<status status="PASS" starttime="20231118 18:58:54.603" endtime="20231118 18:58:54.642"/>
</kw>
<status status="PASS" starttime="20231118 18:58:54.603" endtime="20231118 18:58:54.642"/>
</kw>
<kw name="Register Page Should Be Open" library="resource">
<kw name="Title Should Be" library="SeleniumLibrary">
<arg>Register</arg>
<doc>Verifies that the current page title equals ``title``.</doc>
<msg timestamp="20231118 18:58:54.652" level="INFO">Page title is 'Register'.</msg>
<status status="PASS" starttime="20231118 18:58:54.643" endtime="20231118 18:58:54.652"/>
</kw>
<status status="PASS" starttime="20231118 18:58:54.642" endtime="20231118 18:58:54.652"/>
</kw>
<status status="PASS" starttime="20231118 18:58:54.416" endtime="20231118 18:58:54.653"/>
</test>
<test id="s1-s3-t7" name="Login After Successful Registration" line="46">
<kw name="Create User And Go To Register Page" library="resource" type="SETUP">
<kw name="Create User" library="AppLibrary">
<arg>kalle</arg>
<arg>kalle123</arg>
<status status="PASS" starttime="20231118 18:58:54.658" endtime="20231118 18:58:54.683"/>
</kw>
<kw name="Go To Register Page" library="resource">
<kw name="Go To" library="SeleniumLibrary">
<arg>${REGISTER_URL}</arg>
<doc>Navigates the current browser window to the provided ``url``.</doc>
<msg timestamp="20231118 18:58:54.683" level="INFO">Opening url 'http://localhost:5001/register'</msg>
<status status="PASS" starttime="20231118 18:58:54.683" endtime="20231118 18:58:54.716"/>
</kw>
<status status="PASS" starttime="20231118 18:58:54.683" endtime="20231118 18:58:54.716"/>
</kw>
<kw name="Register Page Should Be Open" library="resource">
<kw name="Title Should Be" library="SeleniumLibrary">
<arg>Register</arg>
<doc>Verifies that the current page title equals ``title``.</doc>
<msg timestamp="20231118 18:58:54.729" level="INFO">Page title is 'Register'.</msg>
<status status="PASS" starttime="20231118 18:58:54.717" endtime="20231118 18:58:54.729"/>
</kw>
<status status="PASS" starttime="20231118 18:58:54.716" endtime="20231118 18:58:54.729"/>
</kw>
<status status="PASS" starttime="20231118 18:58:54.657" endtime="20231118 18:58:54.729"/>
</kw>
<kw name="RSet Username">
<arg>kalle</arg>
<kw name="Input Text" library="SeleniumLibrary">
<arg>username</arg>
<arg>${username}</arg>
<doc>Types the given ``text`` into the text field identified by ``locator``.</doc>
<msg timestamp="20231118 18:58:54.730" level="INFO">Typing text 'kalle' into text field 'username'.</msg>
<status status="PASS" starttime="20231118 18:58:54.729" endtime="20231118 18:58:54.834"/>
</kw>
<status status="PASS" starttime="20231118 18:58:54.729" endtime="20231118 18:58:54.834"/>
</kw>
<kw name="RSet Password">
<arg>kalle456</arg>
<kw name="Input Password" library="SeleniumLibrary">
<arg>password</arg>
<arg>${password}</arg>
<doc>Types the given password into the text field identified by ``locator``.</doc>
<msg timestamp="20231118 18:58:54.835" level="INFO">Typing password into text field 'password'.</msg>
<msg timestamp="20231118 18:58:54.875" level="INFO">Temporally setting log level to: NONE</msg>
<msg timestamp="20231118 18:58:54.940" level="INFO">Log level changed from NONE to INFO.</msg>
<status status="PASS" starttime="20231118 18:58:54.835" endtime="20231118 18:58:54.940"/>
</kw>
<status status="PASS" starttime="20231118 18:58:54.834" endtime="20231118 18:58:54.940"/>
</kw>
<kw name="RSubmit Credentials">
<kw name="Click Button" library="SeleniumLibrary">
<arg>Register</arg>
<doc>Clicks the button identified by ``locator``.</doc>
<msg timestamp="20231118 18:58:54.941" level="INFO">Clicking button 'Register'.</msg>
<status status="PASS" starttime="20231118 18:58:54.940" endtime="20231118 18:58:55.036"/>
</kw>
<status status="PASS" starttime="20231118 18:58:54.940" endtime="20231118 18:58:55.036"/>
</kw>
<kw name="Set Username" library="login_resource">
<arg>kalle</arg>
<kw name="Input Text" library="SeleniumLibrary">
<arg>username</arg>
<arg>${username}</arg>
<doc>Types the given ``text`` into the text field identified by ``locator``.</doc>
<msg timestamp="20231118 18:58:55.039" level="INFO">Typing text 'kalle' into text field 'username'.</msg>
<status status="PASS" starttime="20231118 18:58:55.037" endtime="20231118 18:58:55.153"/>
</kw>
<status status="PASS" starttime="20231118 18:58:55.036" endtime="20231118 18:58:55.153"/>
</kw>
<kw name="Set Password" library="login_resource">
<arg>kalle456</arg>
<kw name="Input Password" library="SeleniumLibrary">
<arg>password</arg>
<arg>${password}</arg>
<doc>Types the given password into the text field identified by ``locator``.</doc>
<msg timestamp="20231118 18:58:55.155" level="INFO">Typing password into text field 'password'.</msg>
<msg timestamp="20231118 18:58:55.228" level="INFO">Temporally setting log level to: NONE</msg>
<msg timestamp="20231118 18:58:55.328" level="INFO">Log level changed from NONE to INFO.</msg>
<status status="PASS" starttime="20231118 18:58:55.154" endtime="20231118 18:58:55.328"/>
</kw>
<status status="PASS" starttime="20231118 18:58:55.153" endtime="20231118 18:58:55.328"/>
</kw>
<kw name="Submit Credentials" library="login_resource">
<kw name="Click Buttonl">
<arg>Login</arg>
<msg timestamp="20231118 18:58:55.332" level="FAIL">No keyword with name 'Click Buttonl' found. Did you mean:
    SeleniumLibrary.Click Button</msg>
<status status="FAIL" starttime="20231118 18:58:55.332" endtime="20231118 18:58:55.332"/>
</kw>
<status status="FAIL" starttime="20231118 18:58:55.328" endtime="20231118 18:58:55.332"/>
</kw>
<kw name="Login Should Succeed" library="login_resource">
<status status="NOT RUN" starttime="20231118 18:58:55.332" endtime="20231118 18:58:55.332"/>
</kw>
<status status="FAIL" starttime="20231118 18:58:54.656" endtime="20231118 18:58:55.333">No keyword with name 'Click Buttonl' found. Did you mean:
    SeleniumLibrary.Click Button</status>
</test>
<test id="s1-s3-t8" name="Login After Failed Registration" line="55">
<kw name="Create User And Go To Register Page" library="resource" type="SETUP">
<kw name="Create User" library="AppLibrary">
<arg>kalle</arg>
<arg>kalle123</arg>
<status status="PASS" starttime="20231118 18:58:55.334" endtime="20231118 18:58:55.357"/>
</kw>
<kw name="Go To Register Page" library="resource">
<kw name="Go To" library="SeleniumLibrary">
<arg>${REGISTER_URL}</arg>
<doc>Navigates the current browser window to the provided ``url``.</doc>
<msg timestamp="20231118 18:58:55.360" level="INFO">Opening url 'http://localhost:5001/register'</msg>
<status status="PASS" starttime="20231118 18:58:55.358" endtime="20231118 18:58:55.397"/>
</kw>
<status status="PASS" starttime="20231118 18:58:55.357" endtime="20231118 18:58:55.397"/>
</kw>
<kw name="Register Page Should Be Open" library="resource">
<kw name="Title Should Be" library="SeleniumLibrary">
<arg>Register</arg>
<doc>Verifies that the current page title equals ``title``.</doc>
<msg timestamp="20231118 18:58:55.408" level="INFO">Page title is 'Register'.</msg>
<status status="PASS" starttime="20231118 18:58:55.397" endtime="20231118 18:58:55.408"/>
</kw>
<status status="PASS" starttime="20231118 18:58:55.397" endtime="20231118 18:58:55.408"/>
</kw>
<status status="PASS" starttime="20231118 18:58:55.334" endtime="20231118 18:58:55.408"/>
</kw>
<kw name="RSet Username">
<arg>kalle</arg>
<kw name="Input Text" library="SeleniumLibrary">
<arg>username</arg>
<arg>${username}</arg>
<doc>Types the given ``text`` into the text field identified by ``locator``.</doc>
<msg timestamp="20231118 18:58:55.410" level="INFO">Typing text 'kalle' into text field 'username'.</msg>
<status status="PASS" starttime="20231118 18:58:55.409" endtime="20231118 18:58:55.514"/>
</kw>
<status status="PASS" starttime="20231118 18:58:55.408" endtime="20231118 18:58:55.514"/>
</kw>
<kw name="RSet Password">
<arg>kalle</arg>
<kw name="Input Password" library="SeleniumLibrary">
<arg>password</arg>
<arg>${password}</arg>
<doc>Types the given password into the text field identified by ``locator``.</doc>
<msg timestamp="20231118 18:58:55.515" level="INFO">Typing password into text field 'password'.</msg>
<msg timestamp="20231118 18:58:55.557" level="INFO">Temporally setting log level to: NONE</msg>
<msg timestamp="20231118 18:58:55.616" level="INFO">Log level changed from NONE to INFO.</msg>
<status status="PASS" starttime="20231118 18:58:55.515" endtime="20231118 18:58:55.617"/>
</kw>
<status status="PASS" starttime="20231118 18:58:55.514" endtime="20231118 18:58:55.617"/>
</kw>
<kw name="RSubmit Credentials">
<kw name="Click Button" library="SeleniumLibrary">
<arg>Register</arg>
<doc>Clicks the button identified by ``locator``.</doc>
<msg timestamp="20231118 18:58:55.618" level="INFO">Clicking button 'Register'.</msg>
<status status="PASS" starttime="20231118 18:58:55.618" endtime="20231118 18:58:55.722"/>
</kw>
<status status="PASS" starttime="20231118 18:58:55.617" endtime="20231118 18:58:55.722"/>
</kw>
<kw name="Set Username" library="login_resource">
<arg>kalle</arg>
<kw name="Input Text" library="SeleniumLibrary">
<arg>username</arg>
<arg>${username}</arg>
<doc>Types the given ``text`` into the text field identified by ``locator``.</doc>
<msg timestamp="20231118 18:58:55.724" level="INFO">Typing text 'kalle' into text field 'username'.</msg>
<status status="PASS" starttime="20231118 18:58:55.723" endtime="20231118 18:58:55.836"/>
</kw>
<status status="PASS" starttime="20231118 18:58:55.722" endtime="20231118 18:58:55.836"/>
</kw>
<kw name="Set Password" library="login_resource">
<arg>kalle</arg>
<kw name="Input Password" library="SeleniumLibrary">
<arg>password</arg>
<arg>${password}</arg>
<doc>Types the given password into the text field identified by ``locator``.</doc>
<msg timestamp="20231118 18:58:55.838" level="INFO">Typing password into text field 'password'.</msg>
<msg timestamp="20231118 18:58:55.885" level="INFO">Temporally setting log level to: NONE</msg>
<msg timestamp="20231118 18:58:55.947" level="INFO">Log level changed from NONE to INFO.</msg>
<status status="PASS" starttime="20231118 18:58:55.837" endtime="20231118 18:58:55.947"/>
</kw>
<status status="PASS" starttime="20231118 18:58:55.837" endtime="20231118 18:58:55.947"/>
</kw>
<kw name="Submit Credentials" library="login_resource">
<kw name="Click Buttonl">
<arg>Login</arg>
<msg timestamp="20231118 18:58:55.952" level="FAIL">No keyword with name 'Click Buttonl' found. Did you mean:
    SeleniumLibrary.Click Button</msg>
<status status="FAIL" starttime="20231118 18:58:55.952" endtime="20231118 18:58:55.952"/>
</kw>
<status status="FAIL" starttime="20231118 18:58:55.947" endtime="20231118 18:58:55.952"/>
</kw>
<kw name="Login Should Fail With Message" library="login_resource">
<arg>Invalid username or password</arg>
<status status="NOT RUN" starttime="20231118 18:58:55.952" endtime="20231118 18:58:55.953"/>
</kw>
<status status="FAIL" starttime="20231118 18:58:55.333" endtime="20231118 18:58:55.953">No keyword with name 'Click Buttonl' found. Did you mean:
    SeleniumLibrary.Click Button</status>
</test>
<kw name="Close Browser" library="SeleniumLibrary" type="TEARDOWN">
<doc>Closes the current browser.</doc>
<status status="PASS" starttime="20231118 18:58:55.954" endtime="20231118 18:58:56.031"/>
</kw>
<status status="FAIL" starttime="20231118 18:58:51.006" endtime="20231118 18:58:56.031"/>
</suite>
<status status="FAIL" starttime="20231118 18:58:45.134" endtime="20231118 18:58:56.036"/>
</suite>
<statistics>
<total>
<stat pass="10" fail="2" skip="0">All Tests</stat>
</total>
<tag>
</tag>
<suite>
<stat pass="10" fail="2" skip="0" id="s1" name="Tests">Tests</stat>
<stat pass="2" fail="0" skip="0" id="s1-s1" name="Home">Tests.Home</stat>
<stat pass="2" fail="0" skip="0" id="s1-s2" name="Login">Tests.Login</stat>
<stat pass="6" fail="2" skip="0" id="s1-s3" name="Register">Tests.Register</stat>
</suite>
</statistics>
<errors>
</errors>
</robot>
